<?xml version="1.0" encoding="UTF-8"?>
<!-- Generated by org.testng.reporters.JUnitReportReporter -->
<testsuite hostname="LAPTOP-T7Q1UKLJ" failures="0" tests="1" name="org.iit.mmp.patiengtmodule.tests.PayFeesTest" time="31.777" errors="0" timestamp="2020-08-04T23:57:36 EDT" skipped="0">
  <testcase classname="org.iit.mmp.patiengtmodule.tests.PayFeesTest" name="payFeesTest" time="31.777"/>
  <system-out/>
</testsuite> <!-- org.iit.mmp.patiengtmodule.tests.PayFeesTest -->
