<?xml version="1.0" encoding="UTF-8"?>
<!-- Generated by org.testng.reporters.JUnitReportReporter -->
<testsuite hostname="LAPTOP-T7Q1UKLJ" failures="0" tests="1" name="org.iit.mmp.patiengtmodule.tests.PatientLoginTest" time="18.511" errors="0" timestamp="2020-08-04T23:54:57 EDT" skipped="0">
  <testcase classname="org.iit.mmp.patiengtmodule.tests.PatientLoginTest" name="loginPage" time="18.511"/>
  <system-out/>
</testsuite> <!-- org.iit.mmp.patiengtmodule.tests.PatientLoginTest -->
